app/build/intermediates/manifest_merge_blame_file/debug/manifest-merger-blame-debug-report.txt
1<?xml version="1.0" encoding="utf-8"?>
2<manifest xmlns:android="http://schemas.android.com/apk/res/android"
3    package="com.thomasp.a30211522.magiplexfilmrentals"
4    android:versionCode="1"
5    android:versionName="1.0" >
6
7    <uses-sdk
8        android:minSdkVersion="21"
8-->src\main\AndroidManifest.xml
9        android:targetSdkVersion="28" />
9-->src\main\AndroidManifest.xml
10
11    <uses-permission android:name="android.permission.INTERNET" />
11-->src\main\AndroidManifest.xml:6:5-67
11-->src\main\AndroidManifest.xml:6:22-64
12    <uses-permission android:name="android.permission.ACCESS_NETWORK_STATE" />
12-->src\main\AndroidManifest.xml:7:5-79
12-->src\main\AndroidManifest.xml:7:22-76
13
14    <application
14-->src\main\AndroidManifest.xml:9:5-38:19
15        android:allowBackup="true"
15-->src\main\AndroidManifest.xml:14:9-35
16        android:appComponentFactory="androidx.core.app.CoreComponentFactory"
16-->[androidx.core:core:1.1.0] AndroidManifest.xml:24:18-86
17        android:debuggable="true"
18        android:fullBackupContent="@xml/backup_descriptor"
18-->src\main\AndroidManifest.xml:17:9-59
19        android:icon="@mipmap/ic_launcher"
19-->src\main\AndroidManifest.xml:10:9-43
20        android:label="@string/app_name"
20-->src\main\AndroidManifest.xml:11:9-41
21        android:roundIcon="@mipmap/ic_launcher_round"
21-->src\main\AndroidManifest.xml:12:9-54
22        android:supportsRtl="true"
22-->src\main\AndroidManifest.xml:13:9-35
23        android:theme="@style/AppTheme" >
23-->src\main\AndroidManifest.xml:15:9-40
24        <meta-data
24-->src\main\AndroidManifest.xml:19:9-21:55
25            android:name="com.facebook.sdk.ApplicationId"
25-->src\main\AndroidManifest.xml:20:13-58
26            android:value="@string/facebook_app_id" />
26-->src\main\AndroidManifest.xml:21:13-52
27
28        <activity
28-->src\main\AndroidManifest.xml:23:9-32:20
29            android:name="com.thomasp.a30211522.magiplexfilmrentals.activities.MasterActivity"
29-->src\main\AndroidManifest.xml:24:13-54
30            android:configChanges="orientation|screenSize"
30-->src\main\AndroidManifest.xml:25:13-59
31            android:label=""
31-->src\main\AndroidManifest.xml:26:13-29
32            android:theme="@style/AppTheme.NoActionBar" >
32-->src\main\AndroidManifest.xml:27:13-56
33            <intent-filter>
33-->src\main\AndroidManifest.xml:28:13-31:29
34                <action android:name="android.intent.action.MAIN" />
34-->src\main\AndroidManifest.xml:29:17-69
34-->src\main\AndroidManifest.xml:29:25-66
35
36                <category android:name="android.intent.category.LAUNCHER" />
36-->src\main\AndroidManifest.xml:30:17-77
36-->src\main\AndroidManifest.xml:30:27-74
37            </intent-filter>
38        </activity>
39        <activity
39-->src\main\AndroidManifest.xml:34:9-37:20
40            android:name="com.thomasp.a30211522.magiplexfilmrentals.activities.FilmDetailsActivity"
40-->src\main\AndroidManifest.xml:34:19-65
41            android:configChanges="orientation|screenSize"
41-->src\main\AndroidManifest.xml:35:13-59
42            android:theme="@style/AppTheme.NoActionBar" >
42-->src\main\AndroidManifest.xml:36:13-56
43        </activity>
44        <activity
44-->[com.facebook.android:facebook-common:5.13.0] AndroidManifest.xml:29:9-32:66
45            android:name="com.facebook.FacebookActivity"
45-->[com.facebook.android:facebook-common:5.13.0] AndroidManifest.xml:30:13-57
46            android:configChanges="keyboard|keyboardHidden|screenLayout|screenSize|orientation"
46-->[com.facebook.android:facebook-common:5.13.0] AndroidManifest.xml:31:13-96
47            android:theme="@style/com_facebook_activity_theme" />
47-->[com.facebook.android:facebook-common:5.13.0] AndroidManifest.xml:32:13-63
48        <activity android:name="com.facebook.CustomTabMainActivity" />
48-->[com.facebook.android:facebook-common:5.13.0] AndroidManifest.xml:33:9-71
48-->[com.facebook.android:facebook-common:5.13.0] AndroidManifest.xml:33:19-68
49        <activity android:name="com.facebook.CustomTabActivity" />
49-->[com.facebook.android:facebook-common:5.13.0] AndroidManifest.xml:34:9-67
49-->[com.facebook.android:facebook-common:5.13.0] AndroidManifest.xml:34:19-64
50
51        <provider
51-->[com.squareup.picasso:picasso:2.71828] AndroidManifest.xml:8:9-11:40
52            android:name="com.squareup.picasso.PicassoProvider"
52-->[com.squareup.picasso:picasso:2.71828] AndroidManifest.xml:9:13-64
53            android:authorities="com.thomasp.a30211522.magiplexfilmrentals.com.squareup.picasso"
53-->[com.squareup.picasso:picasso:2.71828] AndroidManifest.xml:10:13-72
54            android:exported="false" />
54-->[com.squareup.picasso:picasso:2.71828] AndroidManifest.xml:11:13-37
55
56        <service
56-->[androidx.room:room-runtime:2.2.3] AndroidManifest.xml:25:9-27:40
57            android:name="androidx.room.MultiInstanceInvalidationService"
57-->[androidx.room:room-runtime:2.2.3] AndroidManifest.xml:26:13-74
58            android:exported="false" />
58-->[androidx.room:room-runtime:2.2.3] AndroidManifest.xml:27:13-37
59        <!--
60         The initialization ContentProvider will call FacebookSdk.sdkInitialize automatically
61         with the application context. This config is merged in with the host app's manifest,
62         but there can only be one provider with the same authority activated at any given
63         point; so if the end user has two or more different apps that use Facebook SDK, only the
64         first one will be able to use the provider. To work around this problem, we use the
65         following placeholder in the authority to identify each host application as if it was
66         a completely different provider.
67        -->
68        <provider
68-->[com.facebook.android:facebook-core:5.13.0] AndroidManifest.xml:39:9-42:40
69            android:name="com.facebook.internal.FacebookInitProvider"
69-->[com.facebook.android:facebook-core:5.13.0] AndroidManifest.xml:40:13-70
70            android:authorities="com.thomasp.a30211522.magiplexfilmrentals.FacebookInitProvider"
70-->[com.facebook.android:facebook-core:5.13.0] AndroidManifest.xml:41:13-72
71            android:exported="false" />
71-->[com.facebook.android:facebook-core:5.13.0] AndroidManifest.xml:42:13-37
72
73        <receiver
73-->[com.facebook.android:facebook-core:5.13.0] AndroidManifest.xml:44:9-50:20
74            android:name="com.facebook.CurrentAccessTokenExpirationBroadcastReceiver"
74-->[com.facebook.android:facebook-core:5.13.0] AndroidManifest.xml:45:13-86
75            android:exported="false" >
75-->[com.facebook.android:facebook-core:5.13.0] AndroidManifest.xml:46:13-37
76            <intent-filter>
76-->[com.facebook.android:facebook-core:5.13.0] AndroidManifest.xml:47:13-49:29
77                <action android:name="com.facebook.sdk.ACTION_CURRENT_ACCESS_TOKEN_CHANGED" />
77-->[com.facebook.android:facebook-core:5.13.0] AndroidManifest.xml:48:17-95
77-->[com.facebook.android:facebook-core:5.13.0] AndroidManifest.xml:48:25-92
78            </intent-filter>
79        </receiver>
80        <receiver
80-->[com.facebook.android:facebook-core:5.13.0] AndroidManifest.xml:51:9-58:20
81            android:name="com.facebook.CampaignTrackingReceiver"
81-->[com.facebook.android:facebook-core:5.13.0] AndroidManifest.xml:52:13-65
82            android:exported="true"
82-->[com.facebook.android:facebook-core:5.13.0] AndroidManifest.xml:53:13-36
83            android:permission="android.permission.INSTALL_PACKAGES" >
83-->[com.facebook.android:facebook-core:5.13.0] AndroidManifest.xml:54:13-69
84            <intent-filter>
84-->[com.facebook.android:facebook-core:5.13.0] AndroidManifest.xml:55:13-57:29
85                <action android:name="com.android.vending.INSTALL_REFERRER" />
85-->[com.facebook.android:facebook-core:5.13.0] AndroidManifest.xml:56:17-79
85-->[com.facebook.android:facebook-core:5.13.0] AndroidManifest.xml:56:25-76
86            </intent-filter>
87        </receiver>
88    </application>
89
90</manifest>